2026-06-27T22:38:50 stage=input
2026-06-27T22:38:50 stage=analyze
2026-06-27T22:38:50 stage=decision
2026-06-27T22:38:50 stage=execute
2026-06-27T22:38:50 stage=persistence
2026-06-27T22:38:50 stage=verification
2026-06-27T22:38:50 run=success
2026-06-28T10:06:15 stage=input
2026-06-28T10:06:15 stage=analyze
2026-06-28T10:06:15 stage=decision
2026-06-28T10:06:15 stage=execute
2026-06-28T10:06:15 stage=persistence
2026-06-28T10:06:15 stage=verification
2026-06-28T10:06:15 run=success
2026-06-28T11:40:33 stage=input
2026-06-28T11:40:33 stage=analyze
2026-06-28T11:40:33 stage=decision
2026-06-28T11:40:33 stage=execute
2026-06-28T11:40:33 stage=persistence
2026-06-28T11:40:33 stage=verification
2026-06-28T11:40:33 run=success
2026-06-28T11:57:18 stage=input
2026-06-28T11:57:18 stage=analyze
2026-06-28T11:57:18 stage=decision
2026-06-28T11:57:18 stage=execute
2026-06-28T11:57:18 stage=persistence
2026-06-28T11:57:18 stage=verification
2026-06-28T11:57:18 run=success
2026-06-28T11:58:38 stage=input
2026-06-28T11:58:38 stage=analyze
2026-06-28T11:58:38 stage=decision
2026-06-28T11:58:38 stage=execute
2026-06-28T11:58:38 stage=persistence
2026-06-28T11:58:38 stage=verification
2026-06-28T11:58:38 run=success
2026-06-28T12:00:32 stage=input
2026-06-28T12:00:32 stage=analyze
2026-06-28T12:00:32 stage=decision
2026-06-28T12:00:32 stage=execute
2026-06-28T12:00:32 stage=persistence
2026-06-28T12:00:32 stage=verification
2026-06-28T12:00:32 run=success
2026-06-28T12:01:49 stage=input
2026-06-28T12:01:49 stage=analyze
2026-06-28T12:01:49 stage=decision
2026-06-28T12:01:49 stage=execute
2026-06-28T12:01:49 stage=persistence
2026-06-28T12:01:49 stage=verification
2026-06-28T12:01:49 run=success
2026-06-28T16:05:03 stage=input
2026-06-28T16:05:03 stage=analyze
2026-06-28T16:05:03 stage=decision
2026-06-28T16:05:03 stage=execute
2026-06-28T16:05:03 stage=persistence
2026-06-28T16:05:03 stage=verification
2026-06-28T16:05:03 run=success
2026-06-28T16:06:53 stage=input
2026-06-28T16:06:53 stage=analyze
2026-06-28T16:06:53 stage=decision
2026-06-28T16:06:53 stage=execute
2026-06-28T16:06:53 stage=persistence
2026-06-28T16:06:53 stage=verification
2026-06-28T16:06:53 run=success
2026-06-28T16:13:40 stage=input
2026-06-28T16:13:40 stage=analyze
2026-06-28T16:13:40 stage=decision
2026-06-28T16:13:40 stage=execute
2026-06-28T16:13:40 stage=persistence
2026-06-28T16:13:40 stage=verification
2026-06-28T16:13:40 run=success
2026-06-28T16:19:11 stage=input
2026-06-28T16:19:11 stage=analyze
2026-06-28T16:19:11 stage=decision
2026-06-28T16:19:11 stage=execute
2026-06-28T16:19:11 stage=persistence
2026-06-28T16:19:11 stage=verification
2026-06-28T16:19:11 run=success
2026-06-28T18:29:49 stage=input
2026-06-28T18:29:49 stage=analyze
2026-06-28T18:29:49 stage=decision
2026-06-28T18:29:49 stage=execute
2026-06-28T18:29:49 stage=persistence
2026-06-28T18:29:49 stage=verification
2026-06-28T18:29:49 run=success
2026-06-28T18:31:12 stage=input
2026-06-28T18:31:12 stage=analyze
2026-06-28T18:31:12 stage=decision
2026-06-28T18:31:12 stage=execute
2026-06-28T18:31:12 stage=persistence
2026-06-28T18:31:12 stage=verification
2026-06-28T18:31:12 run=success
2026-06-28T18:40:16 stage=input
2026-06-28T18:40:16 stage=analyze
2026-06-28T18:40:16 stage=decision
2026-06-28T18:40:16 stage=execute
2026-06-28T18:40:16 stage=persistence
2026-06-28T18:40:16 stage=verification
2026-06-28T18:40:16 run=success
2026-06-28T18:41:03 stage=input
2026-06-28T18:41:03 stage=analyze
2026-06-28T18:41:03 stage=decision
2026-06-28T18:41:03 stage=execute
2026-06-28T18:41:03 stage=persistence
2026-06-28T18:41:03 stage=verification
2026-06-28T18:41:03 run=success
2026-06-28T18:42:05 stage=input
2026-06-28T18:42:05 stage=analyze
2026-06-28T18:42:05 stage=decision
2026-06-28T18:42:05 stage=execute
2026-06-28T18:42:05 stage=persistence
2026-06-28T18:42:05 stage=verification
2026-06-28T18:42:05 run=success
2026-06-28T20:30:00 stage=input
2026-06-28T20:30:00 stage=analyze
2026-06-28T20:30:00 stage=decision
2026-06-28T20:30:00 stage=execute
2026-06-28T20:30:00 stage=persistence
2026-06-28T20:30:00 stage=verification
2026-06-28T20:30:00 run=success
2026-06-28T21:57:19 stage=input
2026-06-28T21:57:19 stage=analyze
2026-06-28T21:57:19 stage=decision
2026-06-28T21:57:19 stage=execute
2026-06-28T21:57:19 stage=persistence
2026-06-28T21:57:19 stage=verification
2026-06-28T21:57:19 run=success
2026-06-28T22:02:10 stage=input
2026-06-28T22:02:10 stage=analyze
2026-06-28T22:02:10 stage=decision
2026-06-28T22:02:10 stage=execute
2026-06-28T22:02:10 stage=persistence
2026-06-28T22:02:10 stage=verification
2026-06-28T22:02:10 run=success
2026-06-28T22:32:11 stage=input
2026-06-28T22:32:11 stage=analyze
2026-06-28T22:32:11 stage=decision
2026-06-28T22:32:11 stage=execute
2026-06-28T22:32:11 stage=persistence
2026-06-28T22:32:11 stage=verification
2026-06-28T22:32:12 run=success
2026-06-28T22:57:43 stage=input
2026-06-28T22:57:43 stage=analyze
2026-06-28T22:57:43 stage=decision
2026-06-28T22:57:43 stage=execute
2026-06-28T22:57:43 stage=persistence
2026-06-28T22:57:43 stage=verification
2026-06-28T22:57:43 run=success
2026-06-29T07:13:19 stage=input
2026-06-29T07:13:19 stage=analyze
2026-06-29T07:13:19 stage=decision
2026-06-29T07:13:19 stage=execute
2026-06-29T07:13:19 stage=persistence
2026-06-29T07:13:20 stage=verification
2026-06-29T07:13:20 run=success
2026-06-29T08:12:22 stage=input
2026-06-29T08:12:22 stage=analyze
2026-06-29T08:12:22 stage=decision
2026-06-29T08:12:22 stage=execute
2026-06-29T08:12:22 stage=persistence
2026-06-29T08:12:22 stage=verification
2026-06-29T08:12:22 run=success
2026-06-29T10:08:08 stage=input
2026-06-29T10:08:08 stage=analyze
2026-06-29T10:08:08 stage=decision
2026-06-29T10:08:08 stage=execute
2026-06-29T10:08:08 stage=persistence
2026-06-29T10:08:08 stage=verification
2026-06-29T10:08:08 run=success
2026-06-29T10:30:11 stage=input
2026-06-29T10:30:11 stage=analyze
2026-06-29T10:30:11 stage=decision
2026-06-29T10:30:11 stage=execute
2026-06-29T10:30:11 stage=persistence
2026-06-29T10:30:11 stage=verification
2026-06-29T10:30:11 run=success
2026-06-29T10:57:18 stage=input
2026-06-29T10:57:18 stage=analyze
2026-06-29T10:57:18 stage=decision
2026-06-29T10:57:18 stage=execute
2026-06-29T10:57:18 stage=persistence
2026-06-29T10:57:18 stage=verification
2026-06-29T10:57:19 run=success
2026-06-29T11:17:04 stage=input
2026-06-29T11:17:04 stage=analyze
2026-06-29T11:17:04 stage=decision
2026-06-29T11:17:04 stage=execute
2026-06-29T11:17:04 stage=persistence
2026-06-29T11:17:04 stage=verification
2026-06-29T11:17:05 run=success
2026-06-29T20:49:11 stage=input
2026-06-29T20:49:11 stage=analyze
2026-06-29T20:49:11 stage=decision
2026-06-29T20:49:11 stage=execute
2026-06-29T20:49:11 stage=persistence
2026-06-29T20:49:12 stage=verification
2026-06-29T20:49:12 run=success
2026-06-29T20:54:17 stage=input
2026-06-29T20:54:17 stage=analyze
2026-06-29T20:54:17 stage=decision
2026-06-29T20:54:17 stage=execute
2026-06-29T20:54:17 stage=persistence
2026-06-29T20:54:17 stage=verification
2026-06-29T20:54:17 run=success
2026-06-29T22:31:15 stage=input
2026-06-29T22:31:15 stage=analyze
2026-06-29T22:31:15 stage=decision
2026-06-29T22:31:15 stage=execute
2026-06-29T22:31:15 stage=persistence
2026-06-29T22:31:15 stage=verification
2026-06-29T22:31:15 run=success
2026-06-30T07:12:56 stage=input
2026-06-30T07:12:56 stage=analyze
2026-06-30T07:12:56 stage=decision
2026-06-30T07:12:56 stage=execute
2026-06-30T07:12:56 stage=persistence
2026-06-30T07:12:57 stage=verification
2026-06-30T07:12:57 run=success
2026-06-30T08:10:29 stage=input
2026-06-30T08:10:29 stage=analyze
2026-06-30T08:10:29 stage=decision
2026-06-30T08:10:29 stage=execute
2026-06-30T08:10:29 stage=persistence
2026-06-30T08:10:29 stage=verification
2026-06-30T08:10:29 run=success
2026-06-30T22:38:01 stage=input
2026-06-30T22:38:01 stage=analyze
2026-06-30T22:38:01 stage=decision
2026-06-30T22:38:01 stage=execute
2026-06-30T22:38:01 stage=persistence
2026-06-30T22:38:01 stage=verification
2026-06-30T22:38:01 run=success
2026-06-30T22:42:07 stage=input
2026-06-30T22:42:07 stage=analyze
2026-06-30T22:42:07 stage=decision
2026-06-30T22:42:07 stage=execute
2026-06-30T22:42:07 stage=persistence
2026-06-30T22:42:07 stage=verification
2026-06-30T22:42:07 run=success
2026-07-01T07:32:33 stage=input
2026-07-01T07:32:33 stage=analyze
2026-07-01T07:32:33 stage=decision
2026-07-01T07:32:33 stage=execute
2026-07-01T07:32:33 stage=persistence
2026-07-01T07:32:33 stage=verification
2026-07-01T07:32:33 run=success
2026-07-01T08:07:28 stage=input
2026-07-01T08:07:28 stage=analyze
2026-07-01T08:07:28 stage=decision
2026-07-01T08:07:28 stage=execute
2026-07-01T08:07:28 stage=persistence
2026-07-01T08:07:28 stage=verification
2026-07-01T08:07:28 run=success
2026-07-01T22:36:42 stage=input
2026-07-01T22:36:42 stage=analyze
2026-07-01T22:36:42 stage=decision
2026-07-01T22:36:42 stage=execute
2026-07-01T22:36:42 stage=persistence
2026-07-01T22:36:42 stage=verification
2026-07-01T22:36:42 run=success
2026-07-01T22:40:01 stage=input
2026-07-01T22:40:01 stage=analyze
2026-07-01T22:40:01 stage=decision
2026-07-01T22:40:01 stage=execute
2026-07-01T22:40:01 stage=persistence
2026-07-01T22:40:01 stage=verification
2026-07-01T22:40:01 run=success
2026-07-02T07:10:01 stage=input
2026-07-02T07:10:01 stage=analyze
2026-07-02T07:10:01 stage=decision
2026-07-02T07:10:01 stage=execute
2026-07-02T07:10:01 stage=persistence
2026-07-02T07:10:01 stage=verification
2026-07-02T07:10:01 run=success
2026-07-02T08:09:11 stage=input
2026-07-02T08:09:11 stage=analyze
2026-07-02T08:09:11 stage=decision
2026-07-02T08:09:11 stage=execute
2026-07-02T08:09:11 stage=persistence
2026-07-02T08:09:11 stage=verification
2026-07-02T08:09:11 run=success
2026-07-02T10:03:47 stage=input
2026-07-02T10:03:47 stage=analyze
2026-07-02T10:03:47 stage=decision
2026-07-02T10:03:47 stage=execute
2026-07-02T10:03:47 stage=persistence
2026-07-02T10:03:47 stage=verification
2026-07-02T10:03:48 run=success
2026-07-02T14:29:39 stage=input
2026-07-02T14:29:39 stage=analyze
2026-07-02T14:29:39 stage=decision
2026-07-02T14:29:39 stage=execute
2026-07-02T14:29:39 stage=persistence
2026-07-02T14:29:39 stage=verification
2026-07-02T14:29:40 run=success
2026-07-03T07:07:41 stage=input
2026-07-03T07:07:41 stage=analyze
2026-07-03T07:07:41 stage=decision
2026-07-03T07:07:41 stage=execute
2026-07-03T07:07:41 stage=persistence
2026-07-03T07:07:41 stage=verification
2026-07-03T07:07:41 run=success
2026-07-03T08:07:12 stage=input
2026-07-03T08:07:12 stage=analyze
2026-07-03T08:07:12 stage=decision
2026-07-03T08:07:12 stage=execute
2026-07-03T08:07:12 stage=persistence
2026-07-03T08:07:12 stage=verification
2026-07-03T08:07:12 run=success
2026-07-04T11:50:34 stage=input
2026-07-04T11:50:34 stage=analyze
2026-07-04T11:50:34 stage=decision
2026-07-04T11:50:34 stage=execute
2026-07-04T11:50:34 stage=persistence
2026-07-04T11:50:34 stage=verification
2026-07-04T11:50:34 run=success
2026-07-04T11:53:10 stage=input
2026-07-04T11:53:10 stage=analyze
2026-07-04T11:53:10 stage=decision
2026-07-04T11:53:10 stage=execute
2026-07-04T11:53:10 stage=persistence
2026-07-04T11:53:10 stage=verification
2026-07-04T11:53:10 run=success
2026-07-04T18:52:23 stage=input
2026-07-04T18:52:23 stage=analyze
2026-07-04T18:52:23 stage=decision
2026-07-04T18:52:23 stage=execute
2026-07-04T18:52:23 stage=persistence
2026-07-04T18:52:23 stage=verification
2026-07-04T18:52:23 run=success
2026-07-04T18:59:40 stage=input
2026-07-04T18:59:40 stage=analyze
2026-07-04T18:59:40 stage=decision
2026-07-04T18:59:40 stage=execute
2026-07-04T18:59:40 stage=persistence
2026-07-04T18:59:40 stage=verification
2026-07-04T18:59:40 run=success
2026-07-04T20:59:30 stage=input
2026-07-04T20:59:30 stage=analyze
2026-07-04T20:59:30 stage=decision
2026-07-04T20:59:30 stage=execute
2026-07-04T20:59:30 stage=persistence
2026-07-04T20:59:30 stage=verification
2026-07-04T20:59:30 run=success
2026-07-05T13:34:18 stage=input
2026-07-05T13:34:18 stage=analyze
2026-07-05T13:34:18 stage=decision
2026-07-05T13:34:18 stage=execute
2026-07-05T13:34:19 stage=persistence
2026-07-05T13:34:19 stage=verification
2026-07-05T13:34:19 run=success
2026-07-05T21:41:03 stage=input
2026-07-05T21:41:03 stage=analyze
2026-07-05T21:41:03 stage=decision
2026-07-05T21:41:03 stage=execute
2026-07-05T21:41:03 stage=persistence
2026-07-05T21:41:03 stage=verification
2026-07-05T21:41:03 run=success
2026-07-05T21:45:38 stage=input
2026-07-05T21:45:38 stage=analyze
2026-07-05T21:45:38 stage=decision
2026-07-05T21:45:38 stage=execute
2026-07-05T21:45:38 stage=persistence
2026-07-05T21:45:38 stage=verification
2026-07-05T21:45:38 run=success
2026-07-06T08:33:48 stage=input
2026-07-06T08:33:48 stage=analyze
2026-07-06T08:33:48 stage=decision
2026-07-06T08:33:48 stage=execute
2026-07-06T08:33:48 stage=persistence
2026-07-06T08:33:48 stage=verification
2026-07-06T08:33:48 run=success
2026-07-06T11:47:06 stage=input
2026-07-06T11:47:06 stage=analyze
2026-07-06T11:47:06 stage=decision
2026-07-06T11:47:06 stage=execute
2026-07-06T11:47:06 stage=persistence
2026-07-06T11:47:06 stage=verification
2026-07-06T11:47:06 run=success
2026-07-07T07:35:02 stage=input
2026-07-07T07:35:02 stage=analyze
2026-07-07T07:35:02 stage=decision
2026-07-07T07:35:02 stage=execute
2026-07-07T07:35:02 stage=persistence
2026-07-07T07:35:02 stage=verification
2026-07-07T07:35:02 run=success
2026-07-07T08:05:50 stage=input
2026-07-07T08:05:50 stage=analyze
2026-07-07T08:05:50 stage=decision
2026-07-07T08:05:50 stage=execute
2026-07-07T08:05:50 stage=persistence
2026-07-07T08:05:51 stage=verification
2026-07-07T08:05:51 run=success
2026-07-07T09:30:39 stage=input
2026-07-07T09:30:39 stage=analyze
2026-07-07T09:30:39 stage=decision
2026-07-07T09:30:39 stage=execute
2026-07-07T09:30:39 stage=persistence
2026-07-07T09:30:39 stage=verification
2026-07-07T09:30:39 run=success
2026-07-08T08:49:15 stage=input
2026-07-08T08:49:15 stage=analyze
2026-07-08T08:49:15 stage=decision
2026-07-08T08:49:15 stage=execute
2026-07-08T08:49:15 stage=persistence
2026-07-08T08:49:15 stage=verification
2026-07-08T08:49:16 run=success
2026-07-08T08:53:03 stage=input
2026-07-08T08:53:03 stage=analyze
2026-07-08T08:53:03 stage=decision
2026-07-08T08:53:03 stage=execute
2026-07-08T08:53:03 stage=persistence
2026-07-08T08:53:03 stage=verification
2026-07-08T08:53:03 run=success
2026-07-08T20:30:02 stage=input
2026-07-08T20:30:02 stage=analyze
2026-07-08T20:30:02 stage=decision
2026-07-08T20:30:02 stage=execute
2026-07-08T20:30:02 stage=persistence
2026-07-08T20:30:02 stage=verification
2026-07-08T20:30:02 run=success
2026-07-09T07:05:26 stage=input
2026-07-09T07:05:26 stage=analyze
2026-07-09T07:05:27 stage=decision
2026-07-09T07:05:27 stage=execute
2026-07-09T07:05:27 stage=persistence
2026-07-09T07:05:27 stage=verification
2026-07-09T07:05:27 run=success
2026-07-09T08:15:57 stage=input
2026-07-09T08:15:57 stage=analyze
2026-07-09T08:15:57 stage=decision
2026-07-09T08:15:57 stage=execute
2026-07-09T08:15:57 stage=persistence
2026-07-09T08:15:57 stage=verification
2026-07-09T08:15:57 run=success
2026-07-09T19:38:52 stage=input
2026-07-09T19:38:52 stage=analyze
2026-07-09T19:38:52 stage=decision
2026-07-09T19:38:52 stage=execute
2026-07-09T19:38:52 stage=persistence
2026-07-09T19:38:53 stage=verification
2026-07-09T19:38:53 run=success
2026-07-10T07:33:01 stage=input
2026-07-10T07:33:01 stage=analyze
2026-07-10T07:33:01 stage=decision
2026-07-10T07:33:01 stage=execute
2026-07-10T07:33:01 stage=persistence
2026-07-10T07:33:02 stage=verification
2026-07-10T07:33:02 run=success
2026-07-10T08:05:36 stage=input
2026-07-10T08:05:36 stage=analyze
2026-07-10T08:05:36 stage=decision
2026-07-10T08:05:36 stage=execute
2026-07-10T08:05:36 stage=persistence
2026-07-10T08:05:37 stage=verification
2026-07-10T08:05:37 run=success
2026-07-10T20:47:50 stage=input
2026-07-10T20:47:50 stage=analyze
2026-07-10T20:47:50 stage=decision
2026-07-10T20:47:50 stage=execute
2026-07-10T20:47:50 stage=persistence
2026-07-10T20:47:51 stage=verification
2026-07-10T20:47:51 run=success
2026-07-10T20:55:55 stage=input
2026-07-10T20:55:55 stage=analyze
2026-07-10T20:55:55 stage=decision
2026-07-10T20:55:55 stage=execute
2026-07-10T20:55:55 stage=persistence
2026-07-10T20:55:55 stage=verification
2026-07-10T20:55:55 run=success
2026-07-11T10:07:02 stage=input
2026-07-11T10:07:02 stage=analyze
2026-07-11T10:07:02 stage=decision
2026-07-11T10:07:02 stage=execute
2026-07-11T10:07:02 stage=persistence
2026-07-11T10:07:02 stage=verification
2026-07-11T10:07:02 run=success
2026-07-11T14:37:14 stage=input
2026-07-11T14:37:14 stage=analyze
2026-07-11T14:37:14 stage=decision
2026-07-11T14:37:14 stage=execute
2026-07-11T14:37:14 stage=persistence
2026-07-11T14:37:14 stage=verification
2026-07-11T14:37:14 run=success
2026-07-11T20:04:34 stage=input
2026-07-11T20:04:34 stage=analyze
2026-07-11T20:04:34 stage=decision
2026-07-11T20:04:34 stage=execute
2026-07-11T20:04:34 stage=persistence
2026-07-11T20:04:34 stage=verification
2026-07-11T20:04:35 run=success
2026-07-11T20:30:02 stage=input
2026-07-11T20:30:02 stage=analyze
2026-07-11T20:30:02 stage=decision
2026-07-11T20:30:02 stage=execute
2026-07-11T20:30:02 stage=persistence
2026-07-11T20:30:02 stage=verification
2026-07-11T20:30:02 run=success
2026-07-12T11:13:47 stage=input
2026-07-12T11:13:47 stage=analyze
2026-07-12T11:13:47 stage=decision
2026-07-12T11:13:47 stage=execute
2026-07-12T11:13:47 stage=persistence
2026-07-12T11:13:47 stage=verification
2026-07-12T11:13:48 run=success
2026-07-12T22:39:40 stage=input
2026-07-12T22:39:40 stage=analyze
2026-07-12T22:39:40 stage=decision
2026-07-12T22:39:40 stage=execute
2026-07-12T22:39:40 stage=persistence
2026-07-12T22:39:40 stage=verification
2026-07-12T22:39:40 run=success
2026-07-12T22:44:55 stage=input
2026-07-12T22:44:55 stage=analyze
2026-07-12T22:44:55 stage=decision
2026-07-12T22:44:55 stage=execute
2026-07-12T22:44:55 stage=persistence
2026-07-12T22:44:55 stage=verification
2026-07-12T22:44:55 run=success
2026-07-13T08:14:41 stage=input
2026-07-13T08:14:41 stage=analyze
2026-07-13T08:14:41 stage=decision
2026-07-13T08:14:41 stage=execute
2026-07-13T08:14:41 stage=persistence
2026-07-13T08:14:41 stage=verification
2026-07-13T08:14:42 run=success
2026-07-13T11:32:16 stage=input
2026-07-13T11:32:16 stage=analyze
2026-07-13T11:32:16 stage=decision
2026-07-13T11:32:16 stage=execute
2026-07-13T11:32:16 stage=persistence
2026-07-13T11:32:16 stage=verification
2026-07-13T11:32:16 run=success
2026-07-14T07:33:17 stage=input
2026-07-14T07:33:17 stage=analyze
2026-07-14T07:33:17 stage=decision
2026-07-14T07:33:17 stage=execute
2026-07-14T07:33:17 stage=persistence
2026-07-14T07:33:17 stage=verification
2026-07-14T07:33:18 run=success
2026-07-14T08:17:10 stage=input
2026-07-14T08:17:10 stage=analyze
2026-07-14T08:17:10 stage=decision
2026-07-14T08:17:10 stage=execute
2026-07-14T08:17:10 stage=persistence
2026-07-14T08:17:11 stage=verification
2026-07-14T08:17:11 run=success
